app/build/outputs/logs/manifest-merger-debug-report.txt
-- Merging decision tree log ---
manifest
ADDED from src\main\AndroidManifest.xml:22:1-162:12
	package
		ADDED from src\main\AndroidManifest.xml:24:5-42
		INJECTED from src\main\AndroidManifest.xml
		INJECTED from src\main\AndroidManifest.xml
	xmlns:tools
		ADDED from src\main\AndroidManifest.xml:23:5-51
	xmlns:android
		ADDED from src\main\AndroidManifest.xml:22:11-69
uses-sdk
ADDED from src\main\AndroidManifest.xml:26:5-44
	android:targetSdkVersion
		INJECTED from src\main\AndroidManifest.xml
		INJECTED from src\main\AndroidManifest.xml
	android:minSdkVersion
		ADDED from src\main\AndroidManifest.xml:26:15-41
		INJECTED from src\main\AndroidManifest.xml
		INJECTED from src\main\AndroidManifest.xml
uses-permission#android.permission.MOUNT_UNMOUNT_FILESYSTEMS
ADDED from src\main\AndroidManifest.xml:29:5-30:47
	tools:ignore
		ADDED from src\main\AndroidManifest.xml:30:9-44
	android:name
		ADDED from src\main\AndroidManifest.xml:29:22-81
uses-permission#android.permission.WRITE_EXTERNAL_STORAGE
ADDED from src\main\AndroidManifest.xml:32:5-80
	android:name
		ADDED from src\main\AndroidManifest.xml:32:22-78
application
ADDED from src\main\AndroidManifest.xml:34:5-160:19
	android:label
		ADDED from src\main\AndroidManifest.xml:35:9-41
	android:icon
		ADDED from src\main\AndroidManifest.xml:34:18-52
provider#com.example.android.notepad.NotePadProvider
ADDED from src\main\AndroidManifest.xml:37:9-41:20
	android:authorities
		ADDED from src\main\AndroidManifest.xml:38:13-62
	android:exported
		ADDED from src\main\AndroidManifest.xml:39:13-37
	android:name
		ADDED from src\main\AndroidManifest.xml:37:19-49
grant-uri-permission
ADDED from src\main\AndroidManifest.xml:40:13-62
	android:pathPattern
		ADDED from src\main\AndroidManifest.xml:40:35-59
activity#com.example.android.notepad.NotesList
ADDED from src\main\AndroidManifest.xml:43:9-62:20
	android:label
		ADDED from src\main\AndroidManifest.xml:43:44-84
	android:theme
		ADDED from src\main\AndroidManifest.xml:44:13-60
	android:name
		ADDED from src\main\AndroidManifest.xml:43:19-43
intent-filter#android.intent.action.MAIN+android.intent.category.LAUNCHER
ADDED from src\main\AndroidManifest.xml:45:13-48:29
action#android.intent.action.MAIN
ADDED from src\main\AndroidManifest.xml:46:17-69
	android:name
		ADDED from src\main\AndroidManifest.xml:46:25-66
category#android.intent.category.LAUNCHER
ADDED from src\main\AndroidManifest.xml:47:17-77
	android:name
		ADDED from src\main\AndroidManifest.xml:47:27-74
intent-filter#android.intent.action.EDIT+android.intent.action.PICK+android.intent.action.VIEW+android.intent.category.DEFAULT
ADDED from src\main\AndroidManifest.xml:49:13-56:29
	android:scheme
		ADDED from src\main\AndroidManifest.xml:49:28-49
	tools:ignore
		ADDED from src\main\AndroidManifest.xml:50:17-47
action#android.intent.action.VIEW
ADDED from src\main\AndroidManifest.xml:51:17-69
	android:name
		ADDED from src\main\AndroidManifest.xml:51:25-66
action#android.intent.action.EDIT
ADDED from src\main\AndroidManifest.xml:52:17-69
	android:name
		ADDED from src\main\AndroidManifest.xml:52:25-66
action#android.intent.action.PICK
ADDED from src\main\AndroidManifest.xml:53:17-69
	android:name
		ADDED from src\main\AndroidManifest.xml:53:25-66
category#android.intent.category.DEFAULT
ADDED from src\main\AndroidManifest.xml:54:17-76
	android:name
		ADDED from src\main\AndroidManifest.xml:54:27-73
data
ADDED from src\main\AndroidManifest.xml:55:17-83
	android:mimeType
		ADDED from src\main\AndroidManifest.xml:55:23-80
intent-filter#android.intent.action.GET_CONTENT+android.intent.category.DEFAULT
ADDED from src\main\AndroidManifest.xml:57:13-61:29
action#android.intent.action.GET_CONTENT
ADDED from src\main\AndroidManifest.xml:58:17-76
	android:name
		ADDED from src\main\AndroidManifest.xml:58:25-73
activity#com.example.android.notepad.NoteEditor
ADDED from src\main\AndroidManifest.xml:64:9-92:20
	android:screenOrientation
		ADDED from src\main\AndroidManifest.xml:66:13-47
	android:configChanges
		ADDED from src\main\AndroidManifest.xml:67:13-63
	android:theme
		ADDED from src\main\AndroidManifest.xml:65:13-60
	android:name
		ADDED from src\main\AndroidManifest.xml:64:19-44
intent-filter#android.intent.action.EDIT+android.intent.action.VIEW+android.intent.category.DEFAULT+com.android.notepad.action.EDIT_NOTE
ADDED from src\main\AndroidManifest.xml:71:13-79:29
	android:label
		ADDED from src\main\AndroidManifest.xml:71:28-64
	android:scheme
		ADDED from src\main\AndroidManifest.xml:72:17-38
	tools:ignore
		ADDED from src\main\AndroidManifest.xml:73:17-47
action#com.android.notepad.action.EDIT_NOTE
ADDED from src\main\AndroidManifest.xml:76:17-79
	android:name
		ADDED from src\main\AndroidManifest.xml:76:25-76
intent-filter#android.intent.action.INSERT+android.intent.action.PASTE+android.intent.category.DEFAULT
ADDED from src\main\AndroidManifest.xml:85:13-90:29
action#android.intent.action.INSERT
ADDED from src\main\AndroidManifest.xml:86:17-71
	android:name
		ADDED from src\main\AndroidManifest.xml:86:25-68
action#android.intent.action.PASTE
ADDED from src\main\AndroidManifest.xml:87:17-70
	android:name
		ADDED from src\main\AndroidManifest.xml:87:25-67
activity#com.example.android.notepad.TitleEditor
ADDED from src\main\AndroidManifest.xml:94:9-119:20
	android:label
		ADDED from src\main\AndroidManifest.xml:95:13-53
	android:windowSoftInputMode
		ADDED from src\main\AndroidManifest.xml:98:13-55
	android:icon
		ADDED from src\main\AndroidManifest.xml:96:13-50
	android:theme
		ADDED from src\main\AndroidManifest.xml:97:13-61
	android:name
		ADDED from src\main\AndroidManifest.xml:94:19-45
intent-filter#android.intent.category.ALTERNATIVE+android.intent.category.DEFAULT+android.intent.category.SELECTED_ALTERNATIVE+com.android.notepad.action.EDIT_TITLE
ADDED from src\main\AndroidManifest.xml:103:13-118:29
	android:label
		ADDED from src\main\AndroidManifest.xml:103:28-65
action#com.android.notepad.action.EDIT_TITLE
ADDED from src\main\AndroidManifest.xml:107:17-80
	android:name
		ADDED from src\main\AndroidManifest.xml:107:25-77
category#android.intent.category.ALTERNATIVE
ADDED from src\main\AndroidManifest.xml:112:17-80
	android:name
		ADDED from src\main\AndroidManifest.xml:112:27-77
category#android.intent.category.SELECTED_ALTERNATIVE
ADDED from src\main\AndroidManifest.xml:115:17-89
	android:name
		ADDED from src\main\AndroidManifest.xml:115:27-86
activity#com.example.android.notepad.NotesLiveFolder
ADDED from src\main\AndroidManifest.xml:121:9-127:20
	android:label
		ADDED from src\main\AndroidManifest.xml:121:50-90
	android:icon
		ADDED from src\main\AndroidManifest.xml:122:13-55
	android:name
		ADDED from src\main\AndroidManifest.xml:121:19-49
intent-filter#android.intent.action.CREATE_LIVE_FOLDER+android.intent.category.DEFAULT
ADDED from src\main\AndroidManifest.xml:123:13-126:29
action#android.intent.action.CREATE_LIVE_FOLDER
ADDED from src\main\AndroidManifest.xml:124:17-83
	android:name
		ADDED from src\main\AndroidManifest.xml:124:25-80
activity#com.example.android.notepad.NoteSearch
ADDED from src\main\AndroidManifest.xml:129:9-142:20
	android:label
		ADDED from src\main\AndroidManifest.xml:130:39-65
	android:icon
		ADDED from src\main\AndroidManifest.xml:131:13-52
	android:name
		ADDED from src\main\AndroidManifest.xml:130:13-38
intent-filter#android.intent.action.NoteSearch+android.intent.action.SEARCH+android.intent.action.SEARCH_LONG_PRESS+android.intent.category.DEFAULT
ADDED from src\main\AndroidManifest.xml:133:13-141:29
action#android.intent.action.NoteSearch
ADDED from src\main\AndroidManifest.xml:134:17-75
	android:name
		ADDED from src\main\AndroidManifest.xml:134:25-72
action#android.intent.action.SEARCH
ADDED from src\main\AndroidManifest.xml:135:17-71
	android:name
		ADDED from src\main\AndroidManifest.xml:135:25-68
action#android.intent.action.SEARCH_LONG_PRESS
ADDED from src\main\AndroidManifest.xml:136:17-82
	android:name
		ADDED from src\main\AndroidManifest.xml:136:25-79
activity#com.example.android.notepad.NoteColor
ADDED from src\main\AndroidManifest.xml:144:9-147:57
	android:label
		ADDED from src\main\AndroidManifest.xml:146:13-40
	android:windowSoftInputMode
		ADDED from src\main\AndroidManifest.xml:147:13-55
	android:theme
		ADDED from src\main\AndroidManifest.xml:145:13-67
	android:name
		ADDED from src\main\AndroidManifest.xml:144:19-43
activity#com.example.android.notepad.OutputText
ADDED from src\main\AndroidManifest.xml:150:9-154:20
	android:label
		ADDED from src\main\AndroidManifest.xml:151:13-48
	android:windowSoftInputMode
		ADDED from src\main\AndroidManifest.xml:153:13-55
	android:theme
		ADDED from src\main\AndroidManifest.xml:152:13-61
	android:name
		ADDED from src\main\AndroidManifest.xml:150:19-44